Build started 9/19/2018 1:59:33 AM.
     1>Project "F:\7th sem\CS566\150101067_project4\150101067_project4\150101067_project4.vcxproj" on node 2 (Build target(s)).
     1>ClCompile:
         C:\Program Files (x86)\Microsoft Visual Studio 12.0\VC\bin\CL.exe /c /ZI /nologo /W3 /WX- /sdl /Od /Oy- /D WIN32 /D _DEBUG /D _CONSOLE /D _LIB /D _UNICODE /D UNICODE /Gm /EHsc /RTC1 /MDd /GS /fp:precise /Zc:wchar_t /Zc:forScope /Yu"stdafx.h" /Fp"Debug\150101067_project4.pch" /Fo"Debug\\" /Fd"Debug\vc120.pdb" /Gd /TP /analyze- /errorReport:prompt 150101067_project4.cpp
         150101067_project4.cpp
     1>f:\7th sem\cs566\150101067_project4\150101067_project4\150101067_project4.cpp(6): warning C4603: '_USE_MATH_DEFINES' : macro is not defined or definition is different after precompiled header use
                 Add macro to precompiled header instead of defining here
                 f:\7th sem\cs566\150101067_project4\150101067_project4\150101067_project4.cpp(8) : use of precompiled header
     1>f:\7th sem\cs566\150101067_project4\150101067_project4\150101067_project4.cpp(55): warning C4018: '<' : signed/unsigned mismatch
     1>f:\7th sem\cs566\150101067_project4\150101067_project4\150101067_project4.cpp(137): warning C4018: '<' : signed/unsigned mismatch
     1>f:\7th sem\cs566\150101067_project4\150101067_project4\150101067_project4.cpp(168): warning C4018: '<' : signed/unsigned mismatch
     1>f:\7th sem\cs566\150101067_project4\150101067_project4\150101067_project4.cpp(185): warning C4018: '<' : signed/unsigned mismatch
     1>f:\7th sem\cs566\150101067_project4\150101067_project4\150101067_project4.cpp(187): warning C4018: '<' : signed/unsigned mismatch
     1>f:\7th sem\cs566\150101067_project4\150101067_project4\150101067_project4.cpp(210): warning C4018: '<' : signed/unsigned mismatch
     1>f:\7th sem\cs566\150101067_project4\150101067_project4\150101067_project4.cpp(212): warning C4018: '<' : signed/unsigned mismatch
     1>f:\7th sem\cs566\150101067_project4\150101067_project4\150101067_project4.cpp(234): warning C4018: '<' : signed/unsigned mismatch
     1>f:\7th sem\cs566\150101067_project4\150101067_project4\150101067_project4.cpp(235): warning C4018: '<' : signed/unsigned mismatch
       Link:
         C:\Program Files (x86)\Microsoft Visual Studio 12.0\VC\bin\link.exe /ERRORREPORT:PROMPT /OUT:"F:\7th sem\CS566\150101067_project4\Debug\150101067_project4.exe" /INCREMENTAL /NOLOGO kernel32.lib user32.lib gdi32.lib winspool.lib comdlg32.lib advapi32.lib shell32.lib ole32.lib oleaut32.lib uuid.lib odbc32.lib odbccp32.lib /MANIFEST /MANIFESTUAC:"level='asInvoker' uiAccess='false'" /manifest:embed /DEBUG /PDB:"F:\7th sem\CS566\150101067_project4\Debug\150101067_project4.pdb" /SUBSYSTEM:CONSOLE /TLBID:1 /DYNAMICBASE /NXCOMPAT /IMPLIB:"F:\7th sem\CS566\150101067_project4\Debug\150101067_project4.lib" /MACHINE:X86 Debug\150101067_project4.obj
         Debug\stdafx.obj
         150101067_project4.vcxproj -> F:\7th sem\CS566\150101067_project4\Debug\150101067_project4.exe
     1>Done Building Project "F:\7th sem\CS566\150101067_project4\150101067_project4\150101067_project4.vcxproj" (Build target(s)).

Build succeeded.

Time Elapsed 00:00:01.47
